<testsuite name="Django Project Tests" errors="0" failures="0" skips="0" tests="0" time="0.000" />